================================================================================
📊 MIMIC-IV Hosp 필수 테이블 추출
================================================================================
1. 샘플 ID 로딩 중...
✅ 샘플 ID 로드 완료
   - Subject IDs: 1,171개
   - Admission IDs: 1,200개

2. 사전 테이블 복사 중...
   ✅ d_hcpcs.csv 복사 완료 (3.2 MB)
   ✅ d_icd_diagnoses.csv 복사 완료 (8.4 MB)
   ✅ d_icd_procedures.csv 복사 완료 (7.0 MB)
   ✅ d_labitems.csv 복사 완료 (0.1 MB)

3. 필수 환자 데이터 테이블 추출 중...
   처리 중: diagnoses_icd...
   ✅ diagnoses_icd: 129,924 행 추출 (3.5 MB, 97.5% 감소)
   처리 중: drgcodes...
   ✅ drgcodes: 13,147 행 추출 (0.9 MB, 98.3% 감소)
   처리 중: labevents...
      처리 중... 10,000,000 행 검사, 234,714 행 매칭
      처리 중... 20,000,000 행 검사, 471,881 행 매칭
      처리 중... 30,000,000 행 검사, 668,857 행 매칭
      처리 중... 40,000,000 행 검사, 872,250 행 매칭
      처리 중... 50,000,000 행 검사, 1,082,104 행 매칭
      처리 중... 60,000,000 행 검사, 1,380,594 행 매칭
      처리 중... 70,000,000 행 검사, 1,664,155 행 매칭
      처리 중... 80,000,000 행 검사, 1,886,583 행 매칭
      처리 중... 90,000,000 행 검사, 2,114,008 행 매칭
      처리 중... 100,000,000 행 검사, 2,357,292 행 매칭
      처리 중... 110,000,000 행 검사, 2,560,914 행 매칭
      처리 중... 120,000,000 행 검사, 2,785,476 행 매칭
   ✅ labevents: 2,825,084 행 추출 (316.0 MB)
   처리 중: microbiologyevents...
   ✅ microbiologyevents: 80,931 행 추출 (17.7 MB, 97.6% 감소)
   처리 중: services...
   ✅ services: 10,160 행 추출 (0.4 MB, 98.2% 감소)

4. 추출 통계 저장 중...
✅ 통계 저장: extraction_stats.json

================================================================================
✅ Hosp 필수 테이블 추출 완료!
================================================================================

[추출 요약]
• 처리 시간: 158.8초
• 샘플 환자: 1,171명
• 샘플 입원: 1,200건
• 사전 테이블: 4개 (전체 복사)
• 환자 데이터: 5/5개 테이블, 총 3,059,246 행

[테이블별 통계]
  ✓ diagnoses_icd: 129,924 행
  ✓ drgcodes: 13,147 행
  ✓ labevents: 2,825,084 행
  ✓ microbiologyevents: 80,931 행
  ✓ services: 10,160 행

💾 저장 위치: processed_data/hosp/
📊 통계 파일: processed_data/hosp/extraction_stats.json
